<?xml version="1.0" encoding="UTF-8"?>
<testsuite name="org.cap.service.test.ParameterizedTestCase" tests="8" skipped="0" failures="0" errors="0" timestamp="2017-05-25T13:28:31" hostname="DIN76000009" time="0.023">
  <properties/>
  <testcase name="test_Add_Number_with_various_inputs[0]" classname="org.cap.service.test.ParameterizedTestCase" time="0.001"/>
  <testcase name="test_Add_Number_with_various_inputs[1]" classname="org.cap.service.test.ParameterizedTestCase" time="0.001"/>
  <testcase name="test_Add_Number_with_various_inputs[2]" classname="org.cap.service.test.ParameterizedTestCase" time="0.001"/>
  <testcase name="test_Add_Number_with_various_inputs[3]" classname="org.cap.service.test.ParameterizedTestCase" time="0.001"/>
  <testcase name="test_Add_Number_with_various_inputs[0]" classname="org.cap.service.test.ParameterizedTestCase" time="0.001"/>
  <testcase name="test_Add_Number_with_various_inputs[1]" classname="org.cap.service.test.ParameterizedTestCase" time="0.002"/>
  <testcase name="test_Add_Number_with_various_inputs[2]" classname="org.cap.service.test.ParameterizedTestCase" time="0.0"/>
  <testcase name="test_Add_Number_with_various_inputs[3]" classname="org.cap.service.test.ParameterizedTestCase" time="0.003"/>
  <system-out><![CDATA[]]></system-out>
  <system-err><![CDATA[]]></system-err>
</testsuite>
